********************************************************************************
*** Start init (level 0) obrf ... 
*** ****************************************************************************
*** ****************************************************************************
*** *** Start build_domain ... 
*** *** ************************************************************************
*** *** mesh file: None
*** *** ************************************************************************
*** *** *** Start create_block ... 
*** *** *** ********************************************************************
*** *** *** ********************************************************************
*** *** *** End create_block . Elapsed time (sec) = 0.0925829
*** *** ************************************************************************
*** *** ************************************************************************
*** *** End build_domain . Elapsed time (sec) = 0.092721
*** ****************************************************************************
*** ****************************************************************************
*** End init obrf . Elapsed time (sec) = 0.0942369
********************************************************************************
********************************************************************************
*** Start run ... 
*** ****************************************************************************
*** ****************************************************************************
*** *** Start run_provide ... 
*** *** ************************************************************************
*** *** ************************************************************************
*** *** End run_provide . Elapsed time (sec) = 0.000499964
*** ****************************************************************************
*** ****************************************************************************
*** *** Start run_preloop ... 
*** *** ************************************************************************
*** *** Relation of reflected oblique shock:
*** *** - theta = 10.00 deg (flow angle)
*** *** - beta1 = 27.38 deg (shock angle)
*** *** - beta1 = 31.80 deg (shock angle)
*** *** - mach, rho, p, T, a (1) =  3.000  1.000  1.000  1.000  1.183
*** *** - mach, rho, p, T, a (2) =  2.505  1.655  2.054  1.242  1.318
*** *** - mach, rho, p, T, a (3) =  2.090  2.565  3.833  1.494  1.446
*** *** Steps 0/600
*** *** Block information:
*** ***   [Block (2D/centroid): 565 nodes, 1592 faces (100 BC), 1028 cells]
*** *** ************************************************************************
*** *** End run_preloop . Elapsed time (sec) = 0.014756
*** ****************************************************************************
*** 
*** ****************************************************************************
*** *** Start run_march ... 
*** *** ************************************************************************
*** *** ##################################################
*** *** Step 200/600, 0.7s elapsed, 1.4s left
*** *** CFL = 0.11/0.95 - 0.11/0.95 adjusted: 0/0/0
*** *** Performance of obrf:
*** ***   0.696783 seconds in marching solver.
*** ***   0.00348392 seconds/step.
*** ***   3.38902 microseconds/cell.
*** ***   0.29507 Mcells/seconds.
*** ***   1.18028 Mvariables/seconds.
*** *** ##################################################
*** *** Step 400/600, 1.4s elapsed, 0.7s left
*** *** CFL = 0.42/0.95 - 0.11/0.95 adjusted: 0/0/0
*** *** Performance of obrf:
*** ***   1.35721 seconds in marching solver.
*** ***   0.00339303 seconds/step.
*** ***   3.30061 microseconds/cell.
*** ***   0.302974 Mcells/seconds.
*** ***   1.2119 Mvariables/seconds.
*** *** ##################################################
*** *** Step 600/600, 2.1s elapsed, 0.0s left
*** *** CFL = 0.47/0.95 - 0.11/0.95 adjusted: 0/0/0
*** *** ************************************************************************
*** *** End run_march . Elapsed time (sec) = 2.06248
*** ****************************************************************************
*** 
*** ****************************************************************************
*** *** Start run_postloop ... 
*** *** ************************************************************************
*** *** Probe result at Pt/poi#611(3.79306,0.358565,0)601:
*** *** - mach3 = 2.074/2.090 (error=%0.79)
*** *** - rho3  = 2.543/2.565 (error=%0.86)
*** *** - p3    = 3.824/3.833 (error=%0.23)
*** *** Performance of obrf:
*** ***   2.02795 seconds in marching solver.
*** ***   0.00337992 seconds/step.
*** ***   3.28786 microseconds/cell.
*** ***   0.30415 Mcells/seconds.
*** ***   1.2166 Mvariables/seconds.
*** *** Averaged maximum CFL = 0.945858.
*** *** Relation of reflected oblique shock:
*** *** - theta = 10.00 deg (flow angle)
*** *** - beta1 = 27.38 deg (shock angle)
*** *** - beta1 = 31.80 deg (shock angle)
*** *** - mach, rho, p, T, a (1) =  3.000  1.000  1.000  1.000  1.183
*** *** - mach, rho, p, T, a (2) =  2.505  1.655  2.054  1.242  1.318
*** *** - mach, rho, p, T, a (3) =  2.090  2.565  3.833  1.494  1.446
*** *** ************************************************************************
*** *** End run_postloop . Elapsed time (sec) = 0.00133896
*** ****************************************************************************
*** ****************************************************************************
*** *** Start run_exhaust ... 
*** *** ************************************************************************
*** *** ************************************************************************
*** *** End run_exhaust . Elapsed time (sec) = 7.51019e-05
*** ****************************************************************************
*** ****************************************************************************
*** *** Start run_final ... 
*** *** ************************************************************************
*** *** ************************************************************************
*** *** End run_final . Elapsed time (sec) = 9.20296e-05
*** ****************************************************************************
*** ****************************************************************************
*** End run obrf . Elapsed time (sec) = 2.07972
********************************************************************************
